=> Booting Puma
=> Rails 5.2.0 application starting in development 
=> Run `rails server -h` for more startup options
Puma starting in single mode...
* Version 3.11.4 (ruby 2.5.1-p57), codename: Love Song
* Min threads: 5, max threads: 5
* Environment: development
* Listening on ssl://0.0.0.0:3000?key=localhost.key&cert=localhost.crt
Use Ctrl-C to stop
Started GET "/" for 127.0.0.1 at 2018-05-02 03:00:07 +0800
  [1m[35m (1.5ms)[0m  [1m[34mSELECT "schema_migrations"."version" FROM "schema_migrations" ORDER BY "schema_migrations"."version" ASC[0m
  ↳ /home/kokcheekean/.rvm/gems/ruby-2.5.1/gems/activerecord-5.2.0/lib/active_record/log_subscriber.rb:98
Processing by HomeController#index as HTML
  Rendering home/index.html.erb within layouts/application
  Rendered home/index.html.erb within layouts/application (377.4ms)
Completed 200 OK in 395ms (Views: 385.3ms | ActiveRecord: 0.0ms)


Started GET "/cable" for 127.0.0.1 at 2018-05-02 03:00:07 +0800
Started GET "/cable/" [WebSocket] for 127.0.0.1 at 2018-05-02 03:00:07 +0800
Successfully upgraded to WebSocket (REQUEST_METHOD: GET, HTTP_CONNECTION: Upgrade, HTTP_UPGRADE: websocket)
AttendanceUpdateChannel is transmitting the subscription confirmation
AttendanceUpdateChannel is streaming from attendance_update_channel
Exiting
